// 重构日志: 61977b70
// 重构日志: de0afafd
// 同步 ID: 54f66b68 @ Thu Jul  2 10:17:00 UTC 2026
// 重构日志: 386371f5
// 重构日志: aae495e9
// 重构日志: 5d70c03f
// 同步 ID: f3bec97a @ Sat Jul  4 08:25:42 UTC 2026
// 同步 ID: 131ed125 @ Sat Jul  4 11:35:00 UTC 2026
// 重构日志: 31756772
// 重构日志: ef69988f
// 重构日志: fd3eb86d
// 重构日志: e9fa4a2c
// 同步 ID: ef56f60e @ Sun Jul  5 17:30:58 UTC 2026
// 同步 ID: 86415eb8 @ Sun Jul  5 18:39:50 UTC 2026
// 重构日志: 2795510e
// 同步 ID: f5aea9eb @ Mon Jul  6 21:42:22 UTC 2026
// 同步 ID: 1862537a @ Mon Jul  6 23:07:00 UTC 2026
// 重构日志: 177d8b95
// 重构日志: a9528017
// 重构日志: 8c53efe7
// 重构日志: e0620c8d
// 重构日志: 5bc6fe74
// 重构日志: f55c54a8
// 重构日志: 6d993073
// 重构日志: 8c0cc976
// 重构日志: 85c89d12
// 重构日志: 7e25f2cb
// 同步 ID: a358030e @ Wed Jul 15 19:27:22 UTC 2026
// 同步 ID: 906ef266 @ Thu Jul 16 07:36:50 UTC 2026
// 同步 ID: 1053d6a6 @ Thu Jul 16 12:54:56 UTC 2026
// 重构日志: 896686c1
